-------- CV SUMMARY -------- MODEL M1 --------
 Train Loss: Mean: 0.0178 ± 0.0017
 Val Loss: Mean: 0.0218 ± 0.0045
 Test Loss: Mean: 0.0197 ± 0.0051
 Train Accuracy: Mean: 0.8039 ± 0.0184
 Val Accuracy: Mean: 0.7730 ± 0.0387
 Test Accuracy: Mean: 0.7902 ± 0.0521
 Train F1: Mean: 0.8026 ± 0.0187
 Val F1: Mean: 0.7722 ± 0.0399
 Test F1: Mean: 0.7889 ± 0.0534
 Train AUROC: Mean: 0.9747 ± 0.0048
 Val AUROC: Mean: 0.9600 ± 0.0161
 Test AUROC: Mean: 0.9669 ± 0.0182
 Train AUPRC: Mean: 0.8811 ± 0.0189
 Val AUPRC: Mean: 0.8443 ± 0.0500
 Test AUPRC: Mean: 0.8652 ± 0.0602
----------- CUMULATIVE CONFUSION MATRIX -----------
[[344.  20.  11.  54.  13.  13.  28.  17.]
 [ 37. 355.  12.  27.   7.  17.  30.  15.]
 [ 11.   9. 398.   2.  23.  16.  31.  10.]
 [ 51.  15.   4. 407.   2.  11.   7.   3.]
 [  7.   0.   2.   3. 456.   0.   4.  13.]
 [  4.  13.  13.   8.   1. 447.  13.   1.]
 [ 20.  21.  18.   8.   5.  13. 363.  52.]
 [ 12.   8.  17.   7.  26.   0.  51. 379.]]
--------------------------------------------------------

-------- CV SUMMARY -------- MODEL M2 --------
 Train Loss: Mean: 0.0140 ± 0.0013
 Val Loss: Mean: 0.0236 ± 0.0035
 Test Loss: Mean: 0.0219 ± 0.0054
 Train Accuracy: Mean: 0.8527 ± 0.0155
 Val Accuracy: Mean: 0.7531 ± 0.0344
 Test Accuracy: Mean: 0.7721 ± 0.0479
 Train F1: Mean: 0.8521 ± 0.0154
 Val F1: Mean: 0.7479 ± 0.0349
 Test F1: Mean: 0.7666 ± 0.0492
 Train AUROC: Mean: 0.9844 ± 0.0029
 Val AUROC: Mean: 0.9570 ± 0.0131
 Test AUROC: Mean: 0.9621 ± 0.0206
 Train AUPRC: Mean: 0.9245 ± 0.0118
 Val AUPRC: Mean: 0.8285 ± 0.0420
 Test AUPRC: Mean: 0.8519 ± 0.0603
----------- CUMULATIVE CONFUSION MATRIX -----------
[[251.  38.  25. 118.   7.  15.  31.  15.]
 [  8. 351.  22.  50.   6.  26.  24.  13.]
 [  4.   5. 449.  10.   5.  10.  14.   3.]
 [ 23.  11.   6. 452.   0.   5.   2.   1.]
 [  4.  11.  16.   7. 423.   0.   6.  18.]
 [  2.  21.   8.  10.   0. 455.   2.   2.]
 [ 12.  28.  33.  11.   3.  24. 348.  41.]
 [  4.  16.  28.  10.  14.   9.  73. 346.]]
--------------------------------------------------------
-------- CV SUMMARY -------- MODEL M3 --------
 Train Loss: Mean: 0.0176 ± 0.0015
 Val Loss: Mean: 0.0215 ± 0.0044
 Test Loss: Mean: 0.0200 ± 0.0050
 Train Accuracy: Mean: 0.8047 ± 0.0170
 Val Accuracy: Mean: 0.7760 ± 0.0378
 Test Accuracy: Mean: 0.7902 ± 0.0477
 Train F1: Mean: 0.8037 ± 0.0174
 Val F1: Mean: 0.7740 ± 0.0383
 Test F1: Mean: 0.7882 ± 0.0503
 Train AUROC: Mean: 0.9754 ± 0.0046
 Val AUROC: Mean: 0.9608 ± 0.0152
 Test AUROC: Mean: 0.9660 ± 0.0177
 Train AUPRC: Mean: 0.8848 ± 0.0180
 Val AUPRC: Mean: 0.8456 ± 0.0477
 Test AUPRC: Mean: 0.8625 ± 0.0542
----------- CUMULATIVE CONFUSION MATRIX -----------
[[342.  13.  14.  55.  19.  12.  26.  19.]
 [ 39. 327.  20.  35.   7.  25.  33.  14.]
 [ 12.   9. 409.   2.  14.  22.  22.  10.]
 [ 42.  14.   5. 418.   3.   7.  10.   1.]
 [  4.   2.   7.   3. 454.   0.   4.  11.]
 [  2.  11.  14.  13.   0. 454.   5.   1.]
 [ 23.  22.  17.  10.   5.  18. 351.  54.]
 [ 16.   9.  19.   5.  34.   0.  50. 367.]]
--------------------------------------------------------

