-------- CV SUMMARY -------- MODEL M1 --------
 Train Loss: Mean: 0.0166 ± 0.0013
 Val Loss: Mean: 0.0214 ± 0.0045
 Test Loss: Mean: 0.0191 ± 0.0056
 Train Accuracy: Mean: 0.8149 ± 0.0127
 Val Accuracy: Mean: 0.7762 ± 0.0330
 Test Accuracy: Mean: 0.8025 ± 0.0481
 Train F1: Mean: 0.8136 ± 0.0128
 Val F1: Mean: 0.7779 ± 0.0336
 Test F1: Mean: 0.8034 ± 0.0490
 Train AUROC: Mean: 0.9780 ± 0.0035
 Val AUROC: Mean: 0.9635 ± 0.0138
 Test AUROC: Mean: 0.9698 ± 0.0179
 Train AUPRC: Mean: 0.8950 ± 0.0150
 Val AUPRC: Mean: 0.8547 ± 0.0467
 Test AUPRC: Mean: 0.8780 ± 0.0562
----------- CUMULATIVE CONFUSION MATRIX -----------
[[361.  20.  10.  36.   9.  10.  42.  12.]
 [ 46. 352.   8.  17.   4.  16.  47.  10.]
 [  9.   9. 410.   2.  12.   8.  40.  10.]
 [ 62.  17.   7. 385.   2.   8.  16.   3.]
 [  6.   2.   5.   1. 450.   0.  10.  11.]
 [  6.  10.  13.  10.   1. 432.  27.   1.]
 [ 12.  18.   8.   8.   3.   6. 408.  37.]
 [ 18.   9.  15.   3.  25.   0.  71. 359.]]
--------------------------------------------------------

-------- CV SUMMARY -------- MODEL M2 --------
 Train Loss: Mean: 0.0145 ± 0.0019
 Val Loss: Mean: 0.0254 ± 0.0041
 Test Loss: Mean: 0.0236 ± 0.0064
 Train Accuracy: Mean: 0.8467 ± 0.0212
 Val Accuracy: Mean: 0.7260 ± 0.0402
 Test Accuracy: Mean: 0.7493 ± 0.0544
 Train F1: Mean: 0.8458 ± 0.0215
 Val F1: Mean: 0.7201 ± 0.0418
 Test F1: Mean: 0.7432 ± 0.0582
 Train AUROC: Mean: 0.9823 ± 0.0050
 Val AUROC: Mean: 0.9563 ± 0.0123
 Test AUROC: Mean: 0.9618 ± 0.0191
 Train AUPRC: Mean: 0.9178 ± 0.0184
 Val AUPRC: Mean: 0.8289 ± 0.0406
 Test AUPRC: Mean: 0.8479 ± 0.0591
----------- CUMULATIVE CONFUSION MATRIX -----------
[[287.  10.  30. 122.   1.  10.  23.  17.]
 [ 39. 262.  38.  63.   4.  55.  26.  13.]
 [  1.   3. 454.   6.   3.  10.  13.  10.]
 [ 16.   9.   5. 453.   1.  12.   3.   1.]
 [  9.   4.  35.   5. 387.   0.   9.  36.]
 [  4.   2.  13.   8.   1. 464.   8.   0.]
 [ 14.  13.  49.  22.   7.  21. 324.  50.]
 [  7.   8.  48.   7.   3.   2.  45. 380.]]
--------------------------------------------------------

-------- CV SUMMARY -------- MODEL M3 --------
 Train Loss: Mean: 0.0178 ± 0.0012
 Val Loss: Mean: 0.0215 ± 0.0045
 Test Loss: Mean: 0.0197 ± 0.0054
 Train Accuracy: Mean: 0.8024 ± 0.0127
 Val Accuracy: Mean: 0.7810 ± 0.0395
 Test Accuracy: Mean: 0.7864 ± 0.0515
 Train F1: Mean: 0.8012 ± 0.0131
 Val F1: Mean: 0.7803 ± 0.0401
 Test F1: Mean: 0.7851 ± 0.0531
 Train AUROC: Mean: 0.9748 ± 0.0036
 Val AUROC: Mean: 0.9616 ± 0.0147
 Test AUROC: Mean: 0.9667 ± 0.0175
 Train AUPRC: Mean: 0.8818 ± 0.0114
 Val AUPRC: Mean: 0.8465 ± 0.0488
 Test AUPRC: Mean: 0.8612 ± 0.0545
----------- CUMULATIVE CONFUSION MATRIX -----------
[[335.  21.  14.  57.   7.  11.  38.  17.]
 [ 34. 357.  13.  27.   6.  26.  27.  10.]
 [ 12.   9. 408.   3.  11.  21.  20.  16.]
 [ 68.  17.   4. 388.   1.   8.  10.   4.]
 [  7.   1.   8.   2. 438.   1.   4.  24.]
 [  4.  15.  13.   8.   1. 451.   7.   1.]
 [ 23.  22.  19.   8.   4.  13. 357.  54.]
 [ 12.   8.  21.   4.  15.   0.  51. 389.]]
--------------------------------------------------------