
-------- CV SUMMARY -------- MODEL PointNet --------
 Train Loss: Mean: 0.0013 ± 0.0006
 Val Loss: Mean: 0.0048 ± 0.0018
 Test Loss: Mean: 0.0050 ± 0.0025
 Train Accuracy: Mean: 0.9890 ± 0.0042
 Val Accuracy: Mean: 0.9536 ± 0.0153
 Test Accuracy: Mean: 0.9513 ± 0.0258
 Train F1: Mean: 0.9890 ± 0.0042
 Val F1: Mean: 0.9531 ± 0.0155
 Test F1: Mean: 0.9507 ± 0.0259
 Train AUROC: Mean: 0.9990 ± 0.0006
 Val AUROC: Mean: 0.9948 ± 0.0037
 Test AUROC: Mean: 0.9946 ± 0.0046
 Train AUPRC: Mean: 0.9933 ± 0.0035
 Val AUPRC: Mean: 0.9819 ± 0.0104
 Test AUPRC: Mean: 0.9797 ± 0.0136
----------- CUMULATIVE CONFUSION MATRIX -----------
[[409.  39.   2.  40.   0.   1.   0.   9.]
 [ 27. 443.   2.  13.   0.  12.   0.   3.]
 [  1.   3. 496.   0.   0.   0.   0.   0.]
 [ 34.   4.   0. 462.   0.   0.   0.   0.]
 [  0.   0.   0.   0. 485.   0.   0.   0.]
 [  6.  19.   2.   0.   1. 472.   0.   0.]
 [  2.   1.   0.   0.   0.   0. 495.   2.]
 [  0.   7.   0.   0.   0.   1.   1. 491.]]
--------------------------------------------------------

-------- CV SUMMARY -------- MODEL DGCNN --------
 Train Loss: Mean: 0.0004 ± 0.0002
 Val Loss: Mean: 0.0034 ± 0.0021
 Test Loss: Mean: 0.0035 ± 0.0028
 Train Accuracy: Mean: 0.9971 ± 0.0020
 Val Accuracy: Mean: 0.9701 ± 0.0145
 Test Accuracy: Mean: 0.9694 ± 0.0251
 Train F1: Mean: 0.9971 ± 0.0020
 Val F1: Mean: 0.9699 ± 0.0148
 Test F1: Mean: 0.9690 ± 0.0255
 Train AUROC: Mean: 0.9999 ± 0.0001
 Val AUROC: Mean: 0.9971 ± 0.0031
 Test AUROC: Mean: 0.9966 ± 0.0039
 Train AUPRC: Mean: 0.9992 ± 0.0007
 Val AUPRC: Mean: 0.9893 ± 0.0100
 Test AUPRC: Mean: 0.9875 ± 0.0144
----------- CUMULATIVE CONFUSION MATRIX -----------
[[458.   9.   3.  26.   0.   1.   0.   3.]
 [ 22. 444.   6.   8.   0.  14.   2.   4.]
 [  1.   1. 498.   0.   0.   0.   0.   0.]
 [  6.   0.   0. 494.   0.   0.   0.   0.]
 [  0.   0.   0.   0. 485.   0.   0.   0.]
 [  3.  10.   4.   0.   0. 483.   0.   0.]
 [  1.   0.   0.   0.   0.   0. 499.   0.]
 [  1.   2.   0.   1.   0.   1.   1. 494.]]
--------------------------------------------------------
