
-------- CV SUMMARY -------- MODEL PointNet --------
 Train Loss: Mean: 0.0012 ± 0.0003
 Val Loss: Mean: 0.0047 ± 0.0022
 Test Loss: Mean: 0.0046 ± 0.0025
 Train Accuracy: Mean: 0.9893 ± 0.0031
 Val Accuracy: Mean: 0.9528 ± 0.0171
 Test Accuracy: Mean: 0.9556 ± 0.0245
 Train F1: Mean: 0.9893 ± 0.0031
 Val F1: Mean: 0.9525 ± 0.0172
 Test F1: Mean: 0.9555 ± 0.0244
 Train AUROC: Mean: 0.9991 ± 0.0003
 Val AUROC: Mean: 0.9949 ± 0.0040
 Test AUROC: Mean: 0.9947 ± 0.0049
 Train AUPRC: Mean: 0.9939 ± 0.0027
 Val AUPRC: Mean: 0.9805 ± 0.0114
 Test AUPRC: Mean: 0.9810 ± 0.0133
----------- CUMULATIVE CONFUSION MATRIX -----------
[[419.  17.   1.  56.   0.   0.   0.   7.]
 [ 20. 448.   1.  14.   0.  15.   0.   2.]
 [  0.   1. 499.   0.   0.   0.   0.   0.]
 [ 12.   1.   0. 486.   0.   0.   0.   1.]
 [  0.   0.   0.   0. 485.   0.   0.   0.]
 [  3.  19.   0.   1.   0. 475.   0.   2.]
 [  0.   0.   0.   0.   0.   0. 497.   3.]
 [  1.   2.   0.   0.   0.   0.   1. 496.]]
--------------------------------------------------------

-------- CV SUMMARY -------- MODEL DGCNN --------
 Train Loss: Mean: 0.0004 ± 0.0005
 Val Loss: Mean: 0.0038 ± 0.0031
 Test Loss: Mean: 0.0038 ± 0.0035
 Train Accuracy: Mean: 0.9967 ± 0.0042
 Val Accuracy: Mean: 0.9677 ± 0.0252
 Test Accuracy: Mean: 0.9664 ± 0.0288
 Train F1: Mean: 0.9967 ± 0.0042
 Val F1: Mean: 0.9677 ± 0.0251
 Test F1: Mean: 0.9663 ± 0.0288
 Train AUROC: Mean: 0.9999 ± 0.0002
 Val AUROC: Mean: 0.9973 ± 0.0030
 Test AUROC: Mean: 0.9966 ± 0.0043
 Train AUPRC: Mean: 0.9991 ± 0.0014
 Val AUPRC: Mean: 0.9900 ± 0.0107
 Test AUPRC: Mean: 0.9888 ± 0.0142
----------- CUMULATIVE CONFUSION MATRIX -----------
[[474.  12.   4.   9.   0.   0.   0.   1.]
 [ 12. 474.   4.   5.   0.   3.   0.   2.]
 [  0.   1. 499.   0.   0.   0.   0.   0.]
 [ 10.   1.   0. 489.   0.   0.   0.   0.]
 [  0.   0.   0.   0. 485.   0.   0.   0.]
 [  4.  19.   3.   1.   0. 472.   1.   0.]
 [  1.   1.   0.   0.   1.   0. 497.   0.]
 [  4.   8.   0.   0.   1.   0.   3. 484.]]
--------------------------------------------------------
